{"uid":"4b4757e66a1912dae1a509f688f20b0f","children":[{"name":"Product defects","children":[{"name":"Element not found {By.xpath: .//label[@for='refs']/following-sibling::input}\nExpected: visible\nScreenshot: file:/home/runner/work/TestRails/TestRails/build/reports/tests/1752151650547.0.png\nPage source: file:/home/runner/work/TestRails/TestRails/build/reports/tests/1752151650547.0.html\nTimeout: 20 s.\nCaused by: NoSuchElementException: no such element: Unable to locate element: {\"method\":\"xpath\",\"selector\":\".//label[@for='refs']/following-sibling::input\"}","children":[{"name":"testCreateNewTestCaseWithAllFields","uid":"ce74ae2a13c6db60","parentUid":"0cb3cc2eb87bece577186493b5ccb226","status":"failed","time":{"start":1752151624158,"stop":1752151650776,"duration":26618},"flaky":false,"newFailed":true,"newPassed":false,"newBroken":false,"retriesCount":0,"retriesStatusChange":false,"parameters":[],"tags":[]}],"uid":"0cb3cc2eb87bece577186493b5ccb226"},{"name":"Element not found {By.xpath: .//label[@for='refs']/following-sibling::input}\nExpected: visible\nScreenshot: file:/home/runner/work/TestRails/TestRails/build/reports/tests/1752151677829.1.png\nPage source: file:/home/runner/work/TestRails/TestRails/build/reports/tests/1752151677829.1.html\nTimeout: 20 s.\nCaused by: NoSuchElementException: no such element: Unable to locate element: {\"method\":\"xpath\",\"selector\":\".//label[@for='refs']/following-sibling::input\"}","children":[{"name":"testDeleteTestCase","uid":"c0e1818be52dca53","parentUid":"7cdfb107f646c66561f845323d989d36","status":"failed","time":{"start":1752151651727,"stop":1752151677981,"duration":26254},"flaky":false,"newFailed":true,"newPassed":false,"newBroken":false,"retriesCount":0,"retriesStatusChange":false,"parameters":[],"tags":[]}],"uid":"7cdfb107f646c66561f845323d989d36"},{"name":"Element not found {By.xpath: .//label[@for='refs']/following-sibling::input}\nExpected: visible\nScreenshot: file:/home/runner/work/TestRails/TestRails/build/reports/tests/1752151704471.2.png\nPage source: file:/home/runner/work/TestRails/TestRails/build/reports/tests/1752151704471.2.html\nTimeout: 20 s.\nCaused by: NoSuchElementException: no such element: Unable to locate element: {\"method\":\"xpath\",\"selector\":\".//label[@for='refs']/following-sibling::input\"}","children":[{"name":"testEditTestCase","uid":"1cb6dc05cd36a9cf","parentUid":"fe79d10848e783fa11c860d843fc72ce","status":"failed","time":{"start":1752151678665,"stop":1752151704626,"duration":25961},"flaky":false,"newFailed":true,"newPassed":false,"newBroken":false,"retriesCount":0,"retriesStatusChange":false,"parameters":[],"tags":[]}],"uid":"fe79d10848e783fa11c860d843fc72ce"}],"uid":"8fb3a91ba5aaf9de24cc8a92edc82b5d"}],"name":"categories"}