{"uid":"4b4757e66a1912dae1a509f688f20b0f","children":[{"name":"Product defects","children":[{"name":"1 expectation failed.\nExpected status code <200> but was <400>.\n","children":[{"name":"Closing browser","uid":"c9e49bd0cbb5704c","parentUid":"3322b5d56ab2d43ffab4be5a2a03ee17","status":"failed","time":{"start":1752152387928,"stop":1752152387929,"duration":1},"flaky":false,"newFailed":false,"newPassed":false,"newBroken":false,"retriesCount":0,"retriesStatusChange":false,"parameters":[],"tags":[]}],"uid":"3322b5d56ab2d43ffab4be5a2a03ee17"},{"name":"Element not found {By.xpath: .//label[@for='estimate']/following-sibling::textarea}\nExpected: visible\nScreenshot: file:/home/runner/work/TestRails/TestRails/build/reports/tests/1752152461912.0.png\nPage source: file:/home/runner/work/TestRails/TestRails/build/reports/tests/1752152461912.0.html\nTimeout: 20 s.\nCaused by: NoSuchElementException: no such element: Unable to locate element: {\"method\":\"xpath\",\"selector\":\".//label[@for='estimate']/following-sibling::textarea\"}","children":[{"name":"testCreateNewTestCaseWithAllFields","uid":"2f5258d460efb4f3","parentUid":"922158448dcd28fdf5d5779b4bf2c1ec","status":"failed","time":{"start":1752152435038,"stop":1752152462136,"duration":27098},"flaky":false,"newFailed":false,"newPassed":false,"newBroken":false,"retriesCount":0,"retriesStatusChange":false,"parameters":[],"tags":[]}],"uid":"922158448dcd28fdf5d5779b4bf2c1ec"},{"name":"Element not found {By.xpath: .//label[@for='estimate']/following-sibling::textarea}\nExpected: visible\nScreenshot: file:/home/runner/work/TestRails/TestRails/build/reports/tests/1752152489842.1.png\nPage source: file:/home/runner/work/TestRails/TestRails/build/reports/tests/1752152489842.1.html\nTimeout: 20 s.\nCaused by: NoSuchElementException: no such element: Unable to locate element: {\"method\":\"xpath\",\"selector\":\".//label[@for='estimate']/following-sibling::textarea\"}","children":[{"name":"testDeleteTestCase","uid":"5195357ef8a676d8","parentUid":"a49a2bc798ffdd2247aa1064501ae0d8","status":"failed","time":{"start":1752152463283,"stop":1752152490001,"duration":26718},"flaky":false,"newFailed":false,"newPassed":false,"newBroken":false,"retriesCount":0,"retriesStatusChange":false,"parameters":[],"tags":[]}],"uid":"a49a2bc798ffdd2247aa1064501ae0d8"},{"name":"Element not found {By.xpath: .//label[@for='estimate']/following-sibling::textarea}\nExpected: visible\nScreenshot: file:/home/runner/work/TestRails/TestRails/build/reports/tests/1752152517835.2.png\nPage source: file:/home/runner/work/TestRails/TestRails/build/reports/tests/1752152517835.2.html\nTimeout: 20 s.\nCaused by: NoSuchElementException: no such element: Unable to locate element: {\"method\":\"xpath\",\"selector\":\".//label[@for='estimate']/following-sibling::textarea\"}","children":[{"name":"testEditTestCase","uid":"fd93bb5c9380759c","parentUid":"ef8c34c5f234c8a983868b8e6c403f9e","status":"failed","time":{"start":1752152490900,"stop":1752152517976,"duration":27076},"flaky":false,"newFailed":false,"newPassed":false,"newBroken":false,"retriesCount":0,"retriesStatusChange":false,"parameters":[],"tags":[]}],"uid":"ef8c34c5f234c8a983868b8e6c403f9e"}],"uid":"8fb3a91ba5aaf9de24cc8a92edc82b5d"}],"name":"categories"}