{"uid":"256db29d04379a17","name":"testEditTestCase","fullName":"tests.ui.TestCaseTest.testEditTestCase","historyId":"476250683f6c33c985dd844334ebabcb","time":{"start":1752153045299,"stop":1752153052976,"duration":7677},"status":"broken","statusMessage":"Format specifier '%s'","statusTrace":"java.util.MissingFormatArgumentException: Format specifier '%s'\n\tat java.base/java.util.Formatter.format(Formatter.java:2688)\n\tat java.base/java.util.Formatter.format(Formatter.java:2625)\n\tat java.base/java.lang.String.format(String.java:4145)\n\tat wrappers.TextInput.enterSomeTextToTextInput(TextInput.java:17)\n\tat pages.AddTestCasePage.fillInAllTestCaseFields(AddTestCasePage.java:34)\n\tat tests.ui.TestCaseTest.testEditTestCase(TestCaseTest.java:53)\n\tat java.base/jdk.internal.reflect.NativeMethodAccessorImpl.invoke0(Native Method)\n\tat java.base/jdk.internal.reflect.NativeMethodAccessorImpl.invoke(NativeMethodAccessorImpl.java:77)\n\tat java.base/jdk.internal.reflect.DelegatingMethodAccessorImpl.invoke(DelegatingMethodAccessorImpl.java:43)\n\tat java.base/java.lang.reflect.Method.invoke(Method.java:569)\n\tat org.testng.internal.invokers.MethodInvocationHelper.invokeMethod(MethodInvocationHelper.java:141)\n\tat org.testng.internal.invokers.TestInvoker.invokeMethod(TestInvoker.java:687)\n\tat org.testng.internal.invokers.TestInvoker.invokeTestMethod(TestInvoker.java:230)\n\tat org.testng.internal.invokers.MethodRunner.runInSequence(MethodRunner.java:63)\n\tat org.testng.internal.invokers.TestInvoker$MethodInvocationAgent.invoke(TestInvoker.java:995)\n\tat org.testng.internal.invokers.TestInvoker.invokeTestMethods(TestInvoker.java:203)\n\tat org.testng.internal.invokers.TestMethodWorker.invokeTestMethods(TestMethodWorker.java:154)\n\tat org.testng.internal.invokers.TestMethodWorker.run(TestMethodWorker.java:134)\n\tat java.base/java.util.ArrayList.forEach(ArrayList.java:1511)\n\tat org.testng.TestRunner.privateRun(TestRunner.java:741)\n\tat org.testng.TestRunner.run(TestRunner.java:616)\n\tat org.testng.SuiteRunner.runTest(SuiteRunner.java:421)\n\tat org.testng.SuiteRunner$SuiteWorker.run(SuiteRunner.java:463)\n\tat org.testng.internal.thread.ThreadUtil.lambda$execute$0(ThreadUtil.java:64)\n\tat java.base/java.util.concurrent.FutureTask.run(FutureTask.java:264)\n\tat java.base/java.util.concurrent.ThreadPoolExecutor.runWorker(ThreadPoolExecutor.java:1136)\n\tat java.base/java.util.concurrent.ThreadPoolExecutor$Worker.run(ThreadPoolExecutor.java:635)\n\tat java.base/java.lang.Thread.run(Thread.java:840)\n","flaky":false,"newFailed":false,"newBroken":true,"newPassed":false,"retriesCount":0,"retriesStatusChange":false,"beforeStages":[{"name":"Setup browser","time":{"start":1752153045297,"stop":1752153045297,"duration":0},"description":"Setup browser","status":"passed","steps":[],"attachments":[],"parameters":[],"shouldDisplayMessage":false,"stepsCount":0,"attachmentsCount":0,"hasContent":false,"attachmentStep":false}],"testStage":{"status":"broken","statusMessage":"Format specifier '%s'","statusTrace":"java.util.MissingFormatArgumentException: Format specifier '%s'\n\tat java.base/java.util.Formatter.format(Formatter.java:2688)\n\tat java.base/java.util.Formatter.format(Formatter.java:2625)\n\tat java.base/java.lang.String.format(String.java:4145)\n\tat wrappers.TextInput.enterSomeTextToTextInput(TextInput.java:17)\n\tat pages.AddTestCasePage.fillInAllTestCaseFields(AddTestCasePage.java:34)\n\tat tests.ui.TestCaseTest.testEditTestCase(TestCaseTest.java:53)\n\tat java.base/jdk.internal.reflect.NativeMethodAccessorImpl.invoke0(Native Method)\n\tat java.base/jdk.internal.reflect.NativeMethodAccessorImpl.invoke(NativeMethodAccessorImpl.java:77)\n\tat java.base/jdk.internal.reflect.DelegatingMethodAccessorImpl.invoke(DelegatingMethodAccessorImpl.java:43)\n\tat java.base/java.lang.reflect.Method.invoke(Method.java:569)\n\tat org.testng.internal.invokers.MethodInvocationHelper.invokeMethod(MethodInvocationHelper.java:141)\n\tat org.testng.internal.invokers.TestInvoker.invokeMethod(TestInvoker.java:687)\n\tat org.testng.internal.invokers.TestInvoker.invokeTestMethod(TestInvoker.java:230)\n\tat org.testng.internal.invokers.MethodRunner.runInSequence(MethodRunner.java:63)\n\tat org.testng.internal.invokers.TestInvoker$MethodInvocationAgent.invoke(TestInvoker.java:995)\n\tat org.testng.internal.invokers.TestInvoker.invokeTestMethods(TestInvoker.java:203)\n\tat org.testng.internal.invokers.TestMethodWorker.invokeTestMethods(TestMethodWorker.java:154)\n\tat org.testng.internal.invokers.TestMethodWorker.run(TestMethodWorker.java:134)\n\tat java.base/java.util.ArrayList.forEach(ArrayList.java:1511)\n\tat org.testng.TestRunner.privateRun(TestRunner.java:741)\n\tat org.testng.TestRunner.run(TestRunner.java:616)\n\tat org.testng.SuiteRunner.runTest(SuiteRunner.java:421)\n\tat org.testng.SuiteRunner$SuiteWorker.run(SuiteRunner.java:463)\n\tat org.testng.internal.thread.ThreadUtil.lambda$execute$0(ThreadUtil.java:64)\n\tat java.base/java.util.concurrent.FutureTask.run(FutureTask.java:264)\n\tat java.base/java.util.concurrent.ThreadPoolExecutor.runWorker(ThreadPoolExecutor.java:1136)\n\tat java.base/java.util.concurrent.ThreadPoolExecutor$Worker.run(ThreadPoolExecutor.java:635)\n\tat java.base/java.lang.Thread.run(Thread.java:840)\n","steps":[{"name":"$(\"open\") https://testprojectchatyrka.testrail.io/","time":{"start":1752153045333,"stop":1752153047263,"duration":1930},"status":"passed","steps":[{"name":"$(\"webdriver\") create()","time":{"start":1752153045333,"stop":1752153045723,"duration":390},"status":"passed","steps":[],"attachments":[],"parameters":[],"shouldDisplayMessage":false,"stepsCount":0,"attachmentsCount":0,"hasContent":false,"attachmentStep":false}],"attachments":[],"parameters":[],"shouldDisplayMessage":false,"stepsCount":1,"attachmentsCount":0,"hasContent":true,"attachmentStep":false},{"name":"Validate that 'Login page' was opened","time":{"start":1752153047263,"stop":1752153047283,"duration":20},"status":"passed","steps":[{"name":"$(\"#button_primary\") should be(visible)","time":{"start":1752153047263,"stop":1752153047283,"duration":20},"status":"passed","steps":[],"attachments":[],"parameters":[],"shouldDisplayMessage":false,"stepsCount":0,"attachmentsCount":0,"hasContent":false,"attachmentStep":false}],"attachments":[],"parameters":[],"shouldDisplayMessage":false,"stepsCount":1,"attachmentsCount":0,"hasContent":true,"attachmentStep":false},{"name":"Input name: {userName} and password: {password} and click to the 'Log in' button for login action","time":{"start":1752153047283,"stop":1752153048485,"duration":1202},"status":"passed","steps":[{"name":"$(\"#name\") send keys(vitalichatyrka@gmail.com)","time":{"start":1752153047284,"stop":1752153047337,"duration":53},"status":"passed","steps":[],"attachments":[],"parameters":[],"shouldDisplayMessage":false,"stepsCount":0,"attachmentsCount":0,"hasContent":false,"attachmentStep":false},{"name":"$(\"#password\") send keys(1234567Qa!!)","time":{"start":1752153047337,"stop":1752153047399,"duration":62},"status":"passed","steps":[],"attachments":[],"parameters":[],"shouldDisplayMessage":false,"stepsCount":0,"attachmentsCount":0,"hasContent":false,"attachmentStep":false},{"name":"$(\"#button_primary\") click()","time":{"start":1752153047399,"stop":1752153048484,"duration":1085},"status":"passed","steps":[],"attachments":[],"parameters":[],"shouldDisplayMessage":false,"stepsCount":0,"attachmentsCount":0,"hasContent":false,"attachmentStep":false}],"attachments":[],"parameters":[{"name":"adminEmail","value":"vitalichatyrka@gmail.com"},{"name":"adminPassword","value":"1234567Qa!!"}],"shouldDisplayMessage":false,"stepsCount":3,"attachmentsCount":0,"hasContent":true,"attachmentStep":false},{"name":"Click to 'ADD Project' button","time":{"start":1752153048485,"stop":1752153049212,"duration":727},"status":"passed","steps":[{"name":"$(\"#sidebar-projects-add\") click()","time":{"start":1752153048485,"stop":1752153049212,"duration":727},"status":"passed","steps":[],"attachments":[],"parameters":[],"shouldDisplayMessage":false,"stepsCount":0,"attachmentsCount":0,"hasContent":false,"attachmentStep":false}],"attachments":[],"parameters":[],"shouldDisplayMessage":false,"stepsCount":1,"attachmentsCount":0,"hasContent":true,"attachmentStep":false},{"name":"Filling project name field","time":{"start":1752153049212,"stop":1752153049451,"duration":239},"status":"passed","steps":[{"name":"$(\"#name\") send keys(Rice-Murray)","time":{"start":1752153049212,"stop":1752153049256,"duration":44},"status":"passed","steps":[],"attachments":[],"parameters":[],"shouldDisplayMessage":false,"stepsCount":0,"attachmentsCount":0,"hasContent":false,"attachmentStep":false},{"name":"$(\"#announcement_display\") send keys(Here I am, brain the size of a planet, and they tell me to take you up to the bridge. Call that job satisfaction? 'Cos I don't.)","time":{"start":1752153049257,"stop":1752153049451,"duration":194},"status":"passed","steps":[],"attachments":[],"parameters":[],"shouldDisplayMessage":false,"stepsCount":0,"attachmentsCount":0,"hasContent":false,"attachmentStep":false}],"attachments":[],"parameters":[{"name":"project","value":"Project(name=Rice-Murray, announcement=Here I am, brain the size of a planet, and they tell me to take you up to the bridge. Call that job satisfaction? 'Cos I don't.)"}],"shouldDisplayMessage":false,"stepsCount":2,"attachmentsCount":0,"hasContent":true,"attachmentStep":false},{"name":"Click to 'ADD Project' button","time":{"start":1752153049451,"stop":1752153050027,"duration":576},"status":"passed","steps":[{"name":"$(\"#accept\") click()","time":{"start":1752153049452,"stop":1752153050027,"duration":575},"status":"passed","steps":[],"attachments":[],"parameters":[],"shouldDisplayMessage":false,"stepsCount":0,"attachmentsCount":0,"hasContent":false,"attachmentStep":false}],"attachments":[],"parameters":[],"shouldDisplayMessage":false,"stepsCount":1,"attachmentsCount":0,"hasContent":true,"attachmentStep":false},{"name":"Opening the 'Dashboard Page'","time":{"start":1752153050027,"stop":1752153050532,"duration":505},"status":"passed","steps":[{"name":"$(\"open\") https://testprojectchatyrka.testrail.io/index.php?/dashboard","time":{"start":1752153050028,"stop":1752153050532,"duration":504},"status":"passed","steps":[],"attachments":[],"parameters":[],"shouldDisplayMessage":false,"stepsCount":0,"attachmentsCount":0,"hasContent":false,"attachmentStep":false}],"attachments":[],"parameters":[],"shouldDisplayMessage":false,"stepsCount":1,"attachmentsCount":0,"hasContent":true,"attachmentStep":false},{"name":"Opening  the project","time":{"start":1752153050532,"stop":1752153050980,"duration":448},"status":"passed","steps":[{"name":"$(\"by text: Rice-Murray.filter(visible)[0]\") click()","time":{"start":1752153050533,"stop":1752153050980,"duration":447},"status":"passed","steps":[],"attachments":[],"parameters":[],"shouldDisplayMessage":false,"stepsCount":0,"attachmentsCount":0,"hasContent":false,"attachmentStep":false}],"attachments":[],"parameters":[{"name":"projectName","value":"Rice-Murray"}],"shouldDisplayMessage":false,"stepsCount":1,"attachmentsCount":0,"hasContent":true,"attachmentStep":false},{"name":"Click to 'Test Cases' button","time":{"start":1752153050980,"stop":1752153051632,"duration":652},"status":"passed","steps":[{"name":"$(\"by text: Test Cases.filter(visible)[0]\") click()","time":{"start":1752153050981,"stop":1752153051632,"duration":651},"status":"passed","steps":[],"attachments":[],"parameters":[],"shouldDisplayMessage":false,"stepsCount":0,"attachmentsCount":0,"hasContent":false,"attachmentStep":false}],"attachments":[],"parameters":[],"shouldDisplayMessage":false,"stepsCount":1,"attachmentsCount":0,"hasContent":true,"attachmentStep":false},{"name":"Click to 'Add test cases' button","time":{"start":1752153051632,"stop":1752153052071,"duration":439},"status":"passed","steps":[{"name":"$(\"#sidebar-cases-add\") click()","time":{"start":1752153051633,"stop":1752153052071,"duration":438},"status":"passed","steps":[],"attachments":[],"parameters":[],"shouldDisplayMessage":false,"stepsCount":0,"attachmentsCount":0,"hasContent":false,"attachmentStep":false}],"attachments":[],"parameters":[],"shouldDisplayMessage":false,"stepsCount":1,"attachmentsCount":0,"hasContent":true,"attachmentStep":false},{"name":"Opening the 'Add test case' page","time":{"start":1752153052071,"stop":1752153052097,"duration":26},"status":"passed","steps":[{"name":"$(\"By.xpath: //button[@id='accept']\") should be(visible)","time":{"start":1752153052071,"stop":1752153052097,"duration":26},"status":"passed","steps":[],"attachments":[],"parameters":[],"shouldDisplayMessage":false,"stepsCount":0,"attachmentsCount":0,"hasContent":false,"attachmentStep":false}],"attachments":[],"parameters":[],"shouldDisplayMessage":false,"stepsCount":1,"attachmentsCount":0,"hasContent":true,"attachmentStep":false},{"name":"Fill in fields in a new test case","time":{"start":1752153052098,"stop":1752153052976,"duration":878},"status":"broken","statusMessage":"Format specifier '%s'","statusTrace":"java.util.MissingFormatArgumentException: Format specifier '%s'\n\tat java.base/java.util.Formatter.format(Formatter.java:2688)\n\tat java.base/java.util.Formatter.format(Formatter.java:2625)\n\tat java.base/java.lang.String.format(String.java:4145)\n\tat wrappers.TextInput.enterSomeTextToTextInput(TextInput.java:17)\n\tat pages.AddTestCasePage.fillInAllTestCaseFields(AddTestCasePage.java:34)\n\tat tests.ui.TestCaseTest.testEditTestCase(TestCaseTest.java:53)\n\tat java.base/jdk.internal.reflect.NativeMethodAccessorImpl.invoke0(Native Method)\n\tat java.base/jdk.internal.reflect.NativeMethodAccessorImpl.invoke(NativeMethodAccessorImpl.java:77)\n\tat java.base/jdk.internal.reflect.DelegatingMethodAccessorImpl.invoke(DelegatingMethodAccessorImpl.java:43)\n\tat java.base/java.lang.reflect.Method.invoke(Method.java:569)\n\tat org.testng.internal.invokers.MethodInvocationHelper.invokeMethod(MethodInvocationHelper.java:141)\n\tat org.testng.internal.invokers.TestInvoker.invokeMethod(TestInvoker.java:687)\n\tat org.testng.internal.invokers.TestInvoker.invokeTestMethod(TestInvoker.java:230)\n\tat org.testng.internal.invokers.MethodRunner.runInSequence(MethodRunner.java:63)\n\tat org.testng.internal.invokers.TestInvoker$MethodInvocationAgent.invoke(TestInvoker.java:995)\n\tat org.testng.internal.invokers.TestInvoker.invokeTestMethods(TestInvoker.java:203)\n\tat org.testng.internal.invokers.TestMethodWorker.invokeTestMethods(TestMethodWorker.java:154)\n\tat org.testng.internal.invokers.TestMethodWorker.run(TestMethodWorker.java:134)\n\tat java.base/java.util.ArrayList.forEach(ArrayList.java:1511)\n\tat org.testng.TestRunner.privateRun(TestRunner.java:741)\n\tat org.testng.TestRunner.run(TestRunner.java:616)\n\tat org.testng.SuiteRunner.runTest(SuiteRunner.java:421)\n\tat org.testng.SuiteRunner$SuiteWorker.run(SuiteRunner.java:463)\n\tat org.testng.internal.thread.ThreadUtil.lambda$execute$0(ThreadUtil.java:64)\n\tat java.base/java.util.concurrent.FutureTask.run(FutureTask.java:264)\n\tat java.base/java.util.concurrent.ThreadPoolExecutor.runWorker(ThreadPoolExecutor.java:1136)\n\tat java.base/java.util.concurrent.ThreadPoolExecutor$Worker.run(ThreadPoolExecutor.java:635)\n\tat java.base/java.lang.Thread.run(Thread.java:840)\n","steps":[{"name":"$(\"#title\") send keys(Narcissa Malfoy)","time":{"start":1752153052098,"stop":1752153052144,"duration":46},"status":"passed","steps":[],"attachments":[],"parameters":[],"shouldDisplayMessage":false,"stepsCount":0,"attachmentsCount":0,"hasContent":false,"attachmentStep":false},{"name":"$(\"By.xpath: .//label[@for='section_id']/following-sibling::div.filter(visible)[0]\") click()","time":{"start":1752153052145,"stop":1752153052309,"duration":164},"status":"passed","steps":[],"attachments":[],"parameters":[],"shouldDisplayMessage":false,"stepsCount":0,"attachmentsCount":0,"hasContent":false,"attachmentStep":false},{"name":"$(\"By.xpath: //ul[contains(@class,'chosen-results')]//li[contains(text(), 'Test Cases')].filter(visible)[0]\") click()","time":{"start":1752153052309,"stop":1752153052386,"duration":77},"status":"passed","steps":[],"attachments":[],"parameters":[],"shouldDisplayMessage":false,"stepsCount":0,"attachmentsCount":0,"hasContent":false,"attachmentStep":false},{"name":"$(\"By.xpath: .//label[@for='template_id']/following-sibling::div.filter(visible)[0]\") click()","time":{"start":1752153052386,"stop":1752153052461,"duration":75},"status":"passed","steps":[],"attachments":[],"parameters":[],"shouldDisplayMessage":false,"stepsCount":0,"attachmentsCount":0,"hasContent":false,"attachmentStep":false},{"name":"$(\"By.xpath: //ul[contains(@class,'chosen-results')]//li[contains(text(), 'Test Case (Text)')].filter(visible)[0]\") click()","time":{"start":1752153052462,"stop":1752153052535,"duration":73},"status":"passed","steps":[],"attachments":[],"parameters":[],"shouldDisplayMessage":false,"stepsCount":0,"attachmentsCount":0,"hasContent":false,"attachmentStep":false},{"name":"$(\"By.xpath: .//label[@for='type_id']/following-sibling::div.filter(visible)[0]\") click()","time":{"start":1752153052536,"stop":1752153052607,"duration":71},"status":"passed","steps":[],"attachments":[],"parameters":[],"shouldDisplayMessage":false,"stepsCount":0,"attachmentsCount":0,"hasContent":false,"attachmentStep":false},{"name":"$(\"By.xpath: //ul[contains(@class,'chosen-results')]//li[contains(text(), 'Functional')].filter(visible)[0]\") click()","time":{"start":1752153052607,"stop":1752153052684,"duration":77},"status":"passed","steps":[],"attachments":[],"parameters":[],"shouldDisplayMessage":false,"stepsCount":0,"attachmentsCount":0,"hasContent":false,"attachmentStep":false},{"name":"$(\"By.xpath: .//label[@for='priority_id']/following-sibling::div.filter(visible)[0]\") click()","time":{"start":1752153052684,"stop":1752153052758,"duration":74},"status":"passed","steps":[],"attachments":[],"parameters":[],"shouldDisplayMessage":false,"stepsCount":0,"attachmentsCount":0,"hasContent":false,"attachmentStep":false},{"name":"$(\"By.xpath: //ul[contains(@class,'chosen-results')]//li[contains(text(), 'High')].filter(visible)[0]\") click()","time":{"start":1752153052758,"stop":1752153052832,"duration":74},"status":"passed","steps":[],"attachments":[],"parameters":[],"shouldDisplayMessage":false,"stepsCount":0,"attachmentsCount":0,"hasContent":false,"attachmentStep":false},{"name":"$(\"By.xpath: .//label[@for='assigned_to_id']/following-sibling::div.filter(visible)[0]\") click()","time":{"start":1752153052832,"stop":1752153052905,"duration":73},"status":"passed","steps":[],"attachments":[],"parameters":[],"shouldDisplayMessage":false,"stepsCount":0,"attachmentsCount":0,"hasContent":false,"attachmentStep":false},{"name":"$(\"By.xpath: //ul[contains(@class,'chosen-results')]//li[contains(text(), 'None')].filter(visible)[0]\") click()","time":{"start":1752153052905,"stop":1752153052976,"duration":71},"status":"passed","steps":[],"attachments":[],"parameters":[],"shouldDisplayMessage":false,"stepsCount":0,"attachmentsCount":0,"hasContent":false,"attachmentStep":false}],"attachments":[],"parameters":[{"name":"testCase","value":"TestCase(title=Narcissa Malfoy, section=Test Cases, template=Test Case (Text), type=Functional, priority=High, assignedTo=None, estimate=15 min, references=AQA-12345, automationType= None, preconditions=You think you've got problems? What are you supposed to do if you are a manically depressed robot? No, don't try to answer that. I'm fifty thousand times more intelligent than you and even I don't know the answer. It gives me a headache just trying to think down to your level., steps=Bellâ€™s Expedition, expectedResult=Magritte)"}],"shouldDisplayMessage":true,"stepsCount":11,"attachmentsCount":0,"hasContent":true,"attachmentStep":false}],"attachments":[],"parameters":[],"shouldDisplayMessage":false,"stepsCount":37,"attachmentsCount":0,"hasContent":true,"attachmentStep":false},"afterStages":[{"name":"Closing browser","time":{"start":1752153052980,"stop":1752153054323,"duration":1343},"description":"Closing browser","status":"passed","steps":[{"name":"Delete all projects in Test Rails","time":{"start":1752153052980,"stop":1752153054249,"duration":1269},"status":"passed","steps":[],"attachments":[],"parameters":[],"shouldDisplayMessage":false,"stepsCount":0,"attachmentsCount":0,"hasContent":false,"attachmentStep":false},{"name":"$(\"webdriver\") close()","time":{"start":1752153054249,"stop":1752153054323,"duration":74},"status":"passed","steps":[],"attachments":[],"parameters":[],"shouldDisplayMessage":false,"stepsCount":0,"attachmentsCount":0,"hasContent":false,"attachmentStep":false}],"attachments":[],"parameters":[],"shouldDisplayMessage":false,"stepsCount":2,"attachmentsCount":0,"hasContent":true,"attachmentStep":false}],"labels":[{"name":"package","value":"tests.ui.TestCaseTest"},{"name":"testClass","value":"tests.ui.TestCaseTest"},{"name":"testMethod","value":"testEditTestCase"},{"name":"parentSuite","value":"Testrail Regression Test"},{"name":"suite","value":"UI regression"},{"name":"subSuite","value":"tests.ui.TestCaseTest"},{"name":"host","value":"fv-az1755-566"},{"name":"thread","value":"2509@fv-az1755-566.TestNG-tests-2(22)"},{"name":"framework","value":"testng"},{"name":"language","value":"java"},{"name":"resultFormat","value":"allure2"}],"parameters":[],"links":[],"hidden":false,"retry":false,"extra":{"severity":"normal","retries":[],"categories":[{"name":"Test defects","matchedStatuses":[],"flaky":false}],"history":{"statistic":{"failed":4,"broken":3,"skipped":0,"passed":7,"unknown":0,"total":14},"items":[{"uid":"9021f720383fc7e0","reportUrl":"https://vitalichatyrka.github.io/TestRails/25//#testresult/9021f720383fc7e0","status":"failed","statusDetails":"Element not found {By.xpath: .//label[@for='estimate']/following-sibling::textarea}\nExpected: visible\nScreenshot: file:/home/runner/work/TestRails/TestRails/build/reports/tests/1752152837141.2.png\nPage source: file:/home/runner/work/TestRails/TestRails/build/reports/tests/1752152837141.2.html\nTimeout: 20 s.\nCaused by: NoSuchElementException: no such element: Unable to locate element: {\"method\":\"xpath\",\"selector\":\".//label[@for='estimate']/following-sibling::textarea\"}","time":{"start":1752152811531,"stop":1752152837283,"duration":25752}},{"uid":"fd93bb5c9380759c","reportUrl":"https://vitalichatyrka.github.io/TestRails/24//#testresult/fd93bb5c9380759c","status":"failed","statusDetails":"Element not found {By.xpath: .//label[@for='estimate']/following-sibling::textarea}\nExpected: visible\nScreenshot: file:/home/runner/work/TestRails/TestRails/build/reports/tests/1752152517835.2.png\nPage source: file:/home/runner/work/TestRails/TestRails/build/reports/tests/1752152517835.2.html\nTimeout: 20 s.\nCaused by: NoSuchElementException: no such element: Unable to locate element: {\"method\":\"xpath\",\"selector\":\".//label[@for='estimate']/following-sibling::textarea\"}","time":{"start":1752152490900,"stop":1752152517976,"duration":27076}},{"uid":"4d6586fb89bb735f","reportUrl":"https://vitalichatyrka.github.io/TestRails/23//#testresult/4d6586fb89bb735f","status":"failed","statusDetails":"Element not found {By.xpath: .//label[@for='refs']/following-sibling::input}\nExpected: visible\nScreenshot: file:/home/runner/work/TestRails/TestRails/build/reports/tests/1752152350363.2.png\nPage source: file:/home/runner/work/TestRails/TestRails/build/reports/tests/1752152350363.2.html\nTimeout: 20 s.\nCaused by: NoSuchElementException: no such element: Unable to locate element: {\"method\":\"xpath\",\"selector\":\".//label[@for='refs']/following-sibling::input\"}","time":{"start":1752152323017,"stop":1752152350513,"duration":27496}},{"uid":"1cb6dc05cd36a9cf","reportUrl":"https://vitalichatyrka.github.io/TestRails/23//#testresult/1cb6dc05cd36a9cf","status":"failed","statusDetails":"Element not found {By.xpath: .//label[@for='refs']/following-sibling::input}\nExpected: visible\nScreenshot: file:/home/runner/work/TestRails/TestRails/build/reports/tests/1752151704471.2.png\nPage source: file:/home/runner/work/TestRails/TestRails/build/reports/tests/1752151704471.2.html\nTimeout: 20 s.\nCaused by: NoSuchElementException: no such element: Unable to locate element: {\"method\":\"xpath\",\"selector\":\".//label[@for='refs']/following-sibling::input\"}","time":{"start":1752151678665,"stop":1752151704626,"duration":25961}},{"uid":"640648ae1b1fa4ad","reportUrl":"https://vitalichatyrka.github.io/TestRails/22//#testresult/640648ae1b1fa4ad","status":"passed","time":{"start":1752012115127,"stop":1752012122813,"duration":7686}},{"uid":"e92aed94fddf922e","reportUrl":"https://vitalichatyrka.github.io/TestRails/22//#testresult/e92aed94fddf922e","status":"passed","time":{"start":1752011928774,"stop":1752011935672,"duration":6898}},{"uid":"cdf4168090585fa8","reportUrl":"https://vitalichatyrka.github.io/TestRails/21//#testresult/cdf4168090585fa8","status":"passed","time":{"start":1752007499776,"stop":1752007511039,"duration":11263}},{"uid":"bf980535cce8ba4c","reportUrl":"https://vitalichatyrka.github.io/TestRails/20//#testresult/bf980535cce8ba4c","status":"passed","time":{"start":1751979793372,"stop":1751979802864,"duration":9492}},{"uid":"b08d8eb2cffce948","reportUrl":"https://vitalichatyrka.github.io/TestRails/19//#testresult/b08d8eb2cffce948","status":"passed","time":{"start":1751979360162,"stop":1751979369218,"duration":9056}},{"uid":"b675d228289ba05b","reportUrl":"https://vitalichatyrka.github.io/TestRails/18//#testresult/b675d228289ba05b","status":"passed","time":{"start":1751979237260,"stop":1751979247616,"duration":10356}},{"uid":"ccc565e2c2cec738","reportUrl":"https://vitalichatyrka.github.io/TestRails/17//#testresult/ccc565e2c2cec738","status":"passed","time":{"start":1751924719917,"stop":1751924732065,"duration":12148}},{"uid":"5fc3e5668bdee6d","reportUrl":"https://vitalichatyrka.github.io/TestRails/16//#testresult/5fc3e5668bdee6d","status":"broken","statusDetails":"Could not start a new session. Response code 500. Message: session not created: probably user data directory is already in use, please specify a unique value for --user-data-dir argument, or don't use --user-data-dir \nHost info: host: 'fv-az1701-370', ip: '10.1.0.21'\nBuild info: version: '4.33.0', revision: '2c6aaad03a'\nSystem info: os.name: 'Linux', os.arch: 'amd64', os.version: '6.11.0-1015-azure', java.version: '17.0.15'\nDriver info: org.openqa.selenium.chrome.ChromeDriver\nCommand: [null, newSession {capabilities=[Capabilities {acceptInsecureCerts: true, browserName: chrome, goog:chromeOptions: {args: [--proxy-bypass-list=<-loopb..., --disable-dev-shm-usage, --disable-search-engine-cho..., --unsafely-disable-devtools..., --window-size=1920,1080], binary: /usr/bin/google-chrome, excludeSwitches: [enable-automation, load-extension], extensions: [], prefs: {autofill.credit_card_enabled: false, autofill.profile_enabled: false, credentials_enable_service: false, download.default_directory: /home/runner/work/TestRails..., plugins.always_open_pdf_externally: true, profile.default_content_setting_values.automatic_downloads: 1, profile.password_manager_enabled: false, profile.password_manager_leak_detection: false, safebrowsing.enabled: true}}, pageLoadStrategy: normal, unhandledPromptBehavior: accept}]}]\nselenide.url: https://testprojectchatyrka.testrail.io/\nselenide.baseUrl: https://testprojectchatyrka.testrail.io/","time":{"start":1751924387890,"stop":1751924388157,"duration":267}},{"uid":"8687cbec3a6b448e","reportUrl":"https://vitalichatyrka.github.io/TestRails/16//#testresult/8687cbec3a6b448e","status":"broken","statusDetails":"Could not start a new session. Response code 500. Message: session not created: probably user data directory is already in use, please specify a unique value for --user-data-dir argument, or don't use --user-data-dir \nHost info: host: 'fv-az1277-942', ip: '10.1.0.150'\nBuild info: version: '4.33.0', revision: '2c6aaad03a'\nSystem info: os.name: 'Linux', os.arch: 'amd64', os.version: '6.11.0-1015-azure', java.version: '17.0.15'\nDriver info: org.openqa.selenium.chrome.ChromeDriver\nCommand: [null, newSession {capabilities=[Capabilities {acceptInsecureCerts: true, browserName: chrome, goog:chromeOptions: {args: [--proxy-bypass-list=<-loopb..., --disable-dev-shm-usage, --disable-search-engine-cho..., --unsafely-disable-devtools..., --window-size=1920,1080], binary: /usr/bin/google-chrome, excludeSwitches: [enable-automation, load-extension], extensions: [], prefs: {autofill.credit_card_enabled: false, autofill.profile_enabled: false, credentials_enable_service: false, download.default_directory: /home/runner/work/TestRails..., plugins.always_open_pdf_externally: true, profile.default_content_setting_values.automatic_downloads: 1, profile.password_manager_enabled: false, profile.password_manager_leak_detection: false, safebrowsing.enabled: true}}, pageLoadStrategy: normal, unhandledPromptBehavior: accept}]}]\nselenide.url: https://testprojectchatyrka.testrail.io/\nselenide.baseUrl: https://testprojectchatyrka.testrail.io/","time":{"start":1751924042512,"stop":1751924042814,"duration":302}}]},"tags":[]},"source":"256db29d04379a17.json","parameterValues":[]}