{"uid":"4b4757e66a1912dae1a509f688f20b0f","children":[{"name":"Product defects","children":[{"name":"Element not found {By.xpath: .//label[@for='estimate']/following-sibling::textarea}\nExpected: visible\nScreenshot: file:/home/runner/work/TestRails/TestRails/build/reports/tests/1752152784273.0.png\nPage source: file:/home/runner/work/TestRails/TestRails/build/reports/tests/1752152784273.0.html\nTimeout: 20 s.\nCaused by: NoSuchElementException: no such element: Unable to locate element: {\"method\":\"xpath\",\"selector\":\".//label[@for='estimate']/following-sibling::textarea\"}","children":[{"name":"testCreateNewTestCaseWithAllFields","uid":"1ed24a40e085ccbc","parentUid":"350352717d391b965c22aaea2d748868","status":"failed","time":{"start":1752152758961,"stop":1752152784486,"duration":25525},"flaky":false,"newFailed":false,"newPassed":false,"newBroken":false,"retriesCount":0,"retriesStatusChange":false,"parameters":[],"tags":[]}],"uid":"350352717d391b965c22aaea2d748868"},{"name":"Element not found {By.xpath: .//label[@for='estimate']/following-sibling::textarea}\nExpected: visible\nScreenshot: file:/home/runner/work/TestRails/TestRails/build/reports/tests/1752152810591.1.png\nPage source: file:/home/runner/work/TestRails/TestRails/build/reports/tests/1752152810591.1.html\nTimeout: 20 s.\nCaused by: NoSuchElementException: no such element: Unable to locate element: {\"method\":\"xpath\",\"selector\":\".//label[@for='estimate']/following-sibling::textarea\"}","children":[{"name":"testDeleteTestCase","uid":"99ccf627e138b155","parentUid":"87007499d5f2f911501c46a0c9fd780b","status":"failed","time":{"start":1752152785253,"stop":1752152810741,"duration":25488},"flaky":false,"newFailed":false,"newPassed":false,"newBroken":false,"retriesCount":0,"retriesStatusChange":false,"parameters":[],"tags":[]}],"uid":"87007499d5f2f911501c46a0c9fd780b"},{"name":"Element not found {By.xpath: .//label[@for='estimate']/following-sibling::textarea}\nExpected: visible\nScreenshot: file:/home/runner/work/TestRails/TestRails/build/reports/tests/1752152837141.2.png\nPage source: file:/home/runner/work/TestRails/TestRails/build/reports/tests/1752152837141.2.html\nTimeout: 20 s.\nCaused by: NoSuchElementException: no such element: Unable to locate element: {\"method\":\"xpath\",\"selector\":\".//label[@for='estimate']/following-sibling::textarea\"}","children":[{"name":"testEditTestCase","uid":"9021f720383fc7e0","parentUid":"62b62c181fa97c8dbec412e699395283","status":"failed","time":{"start":1752152811531,"stop":1752152837283,"duration":25752},"flaky":false,"newFailed":false,"newPassed":false,"newBroken":false,"retriesCount":0,"retriesStatusChange":false,"parameters":[],"tags":[]}],"uid":"62b62c181fa97c8dbec412e699395283"}],"uid":"8fb3a91ba5aaf9de24cc8a92edc82b5d"}],"name":"categories"}